<?xml version="1.0" encoding="UTF-8"?>
<!-- Generated by org.testng.reporters.JUnitReportReporter -->
<testsuite hostname="LAPTOP-P0T0HMV6" failures="0" tests="1" name="_TestNG6_POMandTestClassusingTestNG.KiteZTestClassUsingTestNG" time="3.302" errors="0" timestamp="2022-06-17T15:16:55 IST" skipped="0">
  <testcase classname="_TestNG6_POMandTestClassusingTestNG.KiteZTestClassUsingTestNG" name="validateNickname" time="3.302"/>
  <system-out>
    <![CDATA[Nicknames are matching TC is Passed.]]>
  </system-out>
</testsuite> <!-- _TestNG6_POMandTestClassusingTestNG.KiteZTestClassUsingTestNG -->
