<?xml version="1.0" encoding="UTF-8"?>
<!-- Generated by org.testng.reporters.JUnitReportReporter -->
<testsuite hostname="LAPTOP-P0T0HMV6" failures="0" tests="6" name="_TestNG1.Keywords6MultipleUse" time="0.014" errors="0" timestamp="2022-06-13T09:25:47 IST" skipped="1">
  <testcase classname="_TestNG1.Keywords6MultipleUse" name="myMethod3" time="0.007"/>
  <system-out>
    <![CDATA[Method 3 is Running]]>
  </system-out>
  <testcase classname="_TestNG1.Keywords6MultipleUse" name="myMethod2" time="0.004"/>
  <system-out>
    <![CDATA[Method 2 is Running]]>
  </system-out>
  <testcase classname="_TestNG1.Keywords6MultipleUse" name="myMethod4" time="0.001"/>
  <system-out>
    <![CDATA[Method 4 is Running]]>
  </system-out>
  <testcase classname="_TestNG1.Keywords6MultipleUse" name="myMethod4" time="0.001"/>
  <system-out>
    <![CDATA[Method 4 is Running]]>
  </system-out>
  <testcase classname="_TestNG1.Keywords6MultipleUse" name="myMethod1" time="0.001"/>
  <system-out>
    <![CDATA[Method 1 is Running]]>
  </system-out>
  <testcase classname="_TestNG1.Keywords6MultipleUse" name="myMethod5">
    <skipped/>
  </testcase> <!-- myMethod5 -->
  <system-out/>
</testsuite> <!-- _TestNG1.Keywords6MultipleUse -->
