<?xml version="1.0" encoding="UTF-8"?>
<!-- Generated by org.testng.reporters.JUnitReportReporter -->
<testsuite hostname="LAPTOP-P0T0HMV6" failures="0" tests="3" name="_TestNG4_AssertMethods.VCTCTestNGAssertive" time="22.014" errors="0" timestamp="2022-06-16T11:43:55 IST" skipped="0">
  <testcase classname="_TestNG4_AssertMethods.VCTCTestNGAssertive" name="VerifyCountryField" time="6.993"/>
  <system-out>
    <![CDATA[SelectCountriesField is enabled TC is Passed.]]>
  </system-out>
  <testcase classname="_TestNG4_AssertMethods.VCTCTestNGAssertive" name="VerifyRadioButton" time="8.078"/>
  <system-out>
    <![CDATA[RadioButton is not selected TC is Passed.]]>
  </system-out>
  <testcase classname="_TestNG4_AssertMethods.VCTCTestNGAssertive" name="VerifyText" time="6.943"/>
  <system-out>
    <![CDATA[Text is matching TC is Passed]]>
  </system-out>
</testsuite> <!-- _TestNG4_AssertMethods.VCTCTestNGAssertive -->
