<?xml version="1.0" encoding="UTF-8"?>
<!-- Generated by org.testng.reporters.JUnitReportReporter -->
<testsuite hostname="LAPTOP-P0T0HMV6" failures="0" tests="1" name="_TestNG_GroupingFailedxml.ParllLaunch1" time="12.634" errors="0" timestamp="2022-06-14T11:10:01 IST" skipped="0">
  <testcase classname="_TestNG_GroupingFailedxml.ParllLaunch1" name="BKmyShow" time="12.634"/>
  <system-out/>
</testsuite> <!-- _TestNG_GroupingFailedxml.ParllLaunch1 -->
