<?xml version="1.0" encoding="UTF-8"?>
<!-- Generated by org.testng.reporters.JUnitReportReporter -->
<testsuite hostname="LAPTOP-P0T0HMV6" failures="0" tests="2" name="_TestNG1.UseOfAnnotations1" time="0.004" errors="0" timestamp="2022-06-20T17:20:48 IST" skipped="0">
  <testcase classname="_TestNG1.UseOfAnnotations1" name="ValidateUserID" time="0.003"/>
  <system-out>
    <![CDATA[Verify actual user ID is matching with expected(@Test) ]]>
  </system-out>
  <testcase classname="_TestNG1.UseOfAnnotations1" name="validatetext1" time="0.001"/>
  <system-out>
    <![CDATA[Verify actual text1 is matching with expected text1 ]]>
  </system-out>
</testsuite> <!-- _TestNG1.UseOfAnnotations1 -->
