<?xml version="1.0" encoding="UTF-8"?>
<!-- Generated by org.testng.reporters.JUnitReportReporter -->
<testsuite hostname="LAPTOP-P0T0HMV6" failures="0" tests="1" name="_TestNG3_GroupingFailedxml.ParallLaunch2" time="4.572" errors="0" timestamp="2022-06-20T17:07:12 IST" skipped="0">
  <testcase classname="_TestNG3_GroupingFailedxml.ParallLaunch2" name="Paytm" time="4.572"/>
  <system-out/>
</testsuite> <!-- _TestNG3_GroupingFailedxml.ParallLaunch2 -->
