<?xml version="1.0" encoding="UTF-8"?>
<!-- Generated by org.testng.reporters.JUnitReportReporter -->
<testsuite hostname="LAPTOP-P0T0HMV6" failures="0" tests="3" name="_Kite_LogINModule_TestClass.TestClass_LogInModule" time="9.869" errors="0" timestamp="2022-06-23T11:06:13 IST" skipped="0">
  <testcase classname="_Kite_LogINModule_TestClass.TestClass_LogInModule" name="VerifyBlankUserIDErrorMsg" time="3.907"/>
  <system-out>
    <![CDATA[UserID's Error Messages are Matching TC is Passed.]]>
  </system-out>
  <testcase classname="_Kite_LogINModule_TestClass.TestClass_LogInModule" name="VerifyBlankPassErrorMsg" time="2.185"/>
  <system-out>
    <![CDATA[Password's Error Messages are Matching TC is Passed.]]>
  </system-out>
  <testcase classname="_Kite_LogINModule_TestClass.TestClass_LogInModule" name="VerifyInvalidUserIDorPassErrorMsg" time="3.777"/>
  <system-out>
    <![CDATA[Actual and Expected Invalid Error Messages are Matching TC is Passed.]]>
  </system-out>
</testsuite> <!-- _Kite_LogINModule_TestClass.TestClass_LogInModule -->
