<?xml version="1.0" encoding="UTF-8"?>
<!-- Generated by org.testng.reporters.JUnitReportReporter -->
<testsuite hostname="LAPTOP-P0T0HMV6" failures="0" tests="6" name="_TestNG1.Keyword_invokecount" time="0.008" errors="0" timestamp="2022-06-12T19:53:10 IST" skipped="0">
  <testcase classname="_TestNG1.Keyword_invokecount" name="B" time="0.000"/>
  <system-out>
    <![CDATA[Method B is Running]]>
  </system-out>
  <testcase classname="_TestNG1.Keyword_invokecount" name="A" time="0.000"/>
  <system-out>
    <![CDATA[Method A is running]]>
  </system-out>
  <testcase classname="_TestNG1.Keyword_invokecount" name="D" time="0.000"/>
  <system-out>
    <![CDATA[Mehtod D is Running]]>
  </system-out>
  <testcase classname="_TestNG1.Keyword_invokecount" name="C" time="0.001"/>
  <system-out>
    <![CDATA[Method C is Running]]>
  </system-out>
  <testcase classname="_TestNG1.Keyword_invokecount" name="A" time="0.006"/>
  <system-out>
    <![CDATA[Method A is running]]>
  </system-out>
  <testcase classname="_TestNG1.Keyword_invokecount" name="C" time="0.001"/>
  <system-out>
    <![CDATA[Method C is Running]]>
  </system-out>
</testsuite> <!-- _TestNG1.Keyword_invokecount -->
