<?xml version="1.0" encoding="UTF-8"?>
<!-- Generated by org.testng.reporters.JUnitReportReporter -->
<testsuite hostname="LAPTOP-P0T0HMV6" failures="0" tests="2" name="_TestNG3_GroupingFailedxml.LogInClass1" time="0.009" errors="0" timestamp="2022-06-20T17:15:07 IST" skipped="0">
  <testcase classname="_TestNG3_GroupingFailedxml.LogInClass1" name="test1" time="0.008"/>
  <system-out>
    <![CDATA[Test 1 Sanity is Running]]>
  </system-out>
  <testcase classname="_TestNG3_GroupingFailedxml.LogInClass1" name="test2" time="0.001"/>
  <system-out>
    <![CDATA[Test 2 Sanity is Running]]>
  </system-out>
</testsuite> <!-- _TestNG3_GroupingFailedxml.LogInClass1 -->
