<?xml version="1.0" encoding="UTF-8"?>
<!-- Generated by org.testng.reporters.JUnitReportReporter -->
<testsuite hostname="LAPTOP-P0T0HMV6" failures="0" tests="3" name="_TestNG1.FirstTestNGClass" time="19.788" errors="0" timestamp="2022-06-09T10:51:31 IST" skipped="0">
  <testcase classname="_TestNG1.FirstTestNGClass" name="Method1" time="10.749"/>
  <system-out/>
  <testcase classname="_TestNG1.FirstTestNGClass" name="Method3" time="4.523"/>
  <system-out>
    <![CDATA[I am Method 3 having Reporter.log statment with boolean value.]]>
  </system-out>
  <testcase classname="_TestNG1.FirstTestNGClass" name="Method2" time="4.516"/>
  <system-out>
    <![CDATA[I am Method 2 having Reporter.log statment without boolean value.]]>
  </system-out>
</testsuite> <!-- _TestNG1.FirstTestNGClass -->
