<?xml version="1.0" encoding="UTF-8"?>
<!-- Generated by org.testng.reporters.JUnitReportReporter -->
<testsuite hostname="LAPTOP-P0T0HMV6" failures="0" tests="5" name="_TestNG_GroupingFailedxml.PinClass2" time="0.010" errors="0" timestamp="2022-06-14T10:17:42 IST" skipped="0">
  <testcase classname="_TestNG_GroupingFailedxml.PinClass2" name="test6" time="0.006"/>
  <system-out>
    <![CDATA[Test 6 Sanity is Running]]>
  </system-out>
  <testcase classname="_TestNG_GroupingFailedxml.PinClass2" name="test7" time="0.001"/>
  <system-out>
    <![CDATA[Test 7 Sanity is Running]]>
  </system-out>
  <testcase classname="_TestNG_GroupingFailedxml.PinClass2" name="test8" time="0.001"/>
  <system-out>
    <![CDATA[Test 8 Retesting is Running]]>
  </system-out>
  <testcase classname="_TestNG_GroupingFailedxml.PinClass2" name="test9" time="0.001"/>
  <system-out>
    <![CDATA[Test 9 Regression is Running]]>
  </system-out>
  <testcase classname="_TestNG_GroupingFailedxml.PinClass2" name="test10" time="0.001"/>
  <system-out>
    <![CDATA[Test 10 Regression is Running]]>
  </system-out>
</testsuite> <!-- _TestNG_GroupingFailedxml.PinClass2 -->
