<?xml version="1.0" encoding="UTF-8"?>
<!-- Generated by org.testng.reporters.JUnitReportReporter -->
<testsuite hostname="LAPTOP-P0T0HMV6" failures="0" tests="2" name="a_KiteAppTestClasses.KiteTestClass" time="7.312" errors="0" timestamp="2022-06-23T16:05:20 IST" skipped="0">
  <testcase classname="a_KiteAppTestClasses.KiteTestClass" name="validateNickname" time="3.169"/>
  <system-out>
    <![CDATA[Names are matching TC is passed.]]>
  </system-out>
  <testcase classname="a_KiteAppTestClasses.KiteTestClass" name="ValidateUserName" time="4.143"/>
  <system-out>
    <![CDATA[UserNames are Matching TC is Passed]]>
  </system-out>
</testsuite> <!-- a_KiteAppTestClasses.KiteTestClass -->
