<?xml version="1.0" encoding="UTF-8"?>
<!-- Generated by org.testng.reporters.JUnitReportReporter -->
<testsuite hostname="LAPTOP-P0T0HMV6" failures="0" tests="1" name="_TestNG4_AssertMethods.MAssertEqualNotEqual" time="4.380" errors="0" timestamp="2022-06-15T14:44:05 IST" skipped="0">
  <testcase classname="_TestNG4_AssertMethods.MAssertEqualNotEqual" name="VerifyText" time="4.380"/>
  <system-out>
    <![CDATA[Text is not matching TC is Passed.]]>
  </system-out>
</testsuite> <!-- _TestNG4_AssertMethods.MAssertEqualNotEqual -->
