<?xml version="1.0" encoding="UTF-8"?>
<!-- Generated by org.testng.reporters.JUnitReportReporter -->
<testsuite hostname="LAPTOP-P0T0HMV6" failures="0" tests="2" name="_TestNG2_XMLStudy.MyClass1" time="0.007" errors="0" timestamp="2022-06-20T17:07:39 IST" skipped="0">
  <testcase classname="_TestNG2_XMLStudy.MyClass1" name="test2" time="0.001"/>
  <system-out>
    <![CDATA[Method test 2 is Running]]>
  </system-out>
  <testcase classname="_TestNG2_XMLStudy.MyClass1" name="test1" time="0.006"/>
  <system-out>
    <![CDATA[Method test 1 is Running]]>
  </system-out>
</testsuite> <!-- _TestNG2_XMLStudy.MyClass1 -->
