<?xml version="1.0" encoding="UTF-8"?>
<!-- Generated by org.testng.reporters.JUnitReportReporter -->
<testsuite hostname="LAPTOP-P0T0HMV6" failures="0" tests="1" name="_TestNG4_AssertMethods.MAssertNull_NotNull" time="3.060" errors="0" timestamp="2022-06-15T15:00:55 IST" skipped="0">
  <testcase classname="_TestNG4_AssertMethods.MAssertNull_NotNull" name="CheckValue" time="3.060"/>
  <system-out>
    <![CDATA[ID field is not Empty TC is Passed.]]>
  </system-out>
</testsuite> <!-- _TestNG4_AssertMethods.MAssertNull_NotNull -->
