<?xml version="1.0" encoding="UTF-8"?>
<!-- Generated by org.testng.reporters.JUnitReportReporter -->
<testsuite hostname="LAPTOP-P0T0HMV6" failures="0" tests="3" name="scrollingTestClasses.ScrollAndScreenshotTestClass" time="0.961" errors="0" timestamp="2022-06-23T09:18:08 IST" skipped="0">
  <testcase classname="scrollingTestClasses.ScrollAndScreenshotTestClass" name="scrollToIframeButton" time="0.558"/>
  <system-out>
    <![CDATA[TC is Passed Screenshot Taken
TC is Passed and Name of TC is scrollToIframeButton]]>
  </system-out>
  <testcase classname="scrollingTestClasses.ScrollAndScreenshotTestClass" name="scrollToHideButton" time="0.181"/>
  <system-out>
    <![CDATA[TC is Passed Screenshot Taken
TC is Passed and Name of TC is scrollToHideButton]]>
  </system-out>
  <testcase classname="scrollingTestClasses.ScrollAndScreenshotTestClass" name="scrollToRadioButton" time="0.222"/>
  <system-out>
    <![CDATA[TC is Passed Screenshot Taken
TC is Passed and Name of TC is scrollToRadioButton]]>
  </system-out>
</testsuite> <!-- scrollingTestClasses.ScrollAndScreenshotTestClass -->
