<?xml version="1.0" encoding="UTF-8"?>
<!-- Generated by org.testng.reporters.JUnitReportReporter -->
<testsuite hostname="LAPTOP-P0T0HMV6" failures="0" tests="1" name="b_KiteAppTestClasses.TestClassWithProperty" time="2.859" errors="0" timestamp="2022-06-21T14:02:19 IST" skipped="0">
  <testcase classname="b_KiteAppTestClasses.TestClassWithProperty" name="ValidateUserID" time="2.859"/>
  <system-out>
    <![CDATA[Id's are not matching TC is Failed.]]>
  </system-out>
</testsuite> <!-- b_KiteAppTestClasses.TestClassWithProperty -->
