<?xml version="1.0" encoding="UTF-8"?>
<!-- Generated by org.testng.reporters.JUnitReportReporter -->
<testsuite hostname="LAPTOP-P0T0HMV6" failures="0" tests="5" name="_TestNG_GroupingFailedxml.LogInClass1" time="0.004" errors="0" timestamp="2022-06-14T10:17:42 IST" skipped="0">
  <testcase classname="_TestNG_GroupingFailedxml.LogInClass1" name="test1" time="0.000"/>
  <system-out>
    <![CDATA[Test 1 Sanity is Running]]>
  </system-out>
  <testcase classname="_TestNG_GroupingFailedxml.LogInClass1" name="test2" time="0.001"/>
  <system-out>
    <![CDATA[Test 2 Sanity is Running]]>
  </system-out>
  <testcase classname="_TestNG_GroupingFailedxml.LogInClass1" name="test3" time="0.001"/>
  <system-out>
    <![CDATA[Test 3 Retesting is Running]]>
  </system-out>
  <testcase classname="_TestNG_GroupingFailedxml.LogInClass1" name="test4" time="0.001"/>
  <system-out>
    <![CDATA[Test 4 Regression is Running]]>
  </system-out>
  <testcase classname="_TestNG_GroupingFailedxml.LogInClass1" name="test5" time="0.001"/>
  <system-out>
    <![CDATA[Test 5 Regression is Running]]>
  </system-out>
</testsuite> <!-- _TestNG_GroupingFailedxml.LogInClass1 -->
