<?xml version="1.0" encoding="UTF-8"?>
<!-- Generated by org.testng.reporters.JUnitReportReporter -->
<testsuite hostname="LAPTOP-P0T0HMV6" failures="0" tests="2" name="_TestNG3_GroupingFailedxml.HomeClass3" time="0.001" errors="0" timestamp="2022-06-20T17:15:07 IST" skipped="0">
  <testcase classname="_TestNG3_GroupingFailedxml.HomeClass3" name="test11" time="0.000"/>
  <system-out>
    <![CDATA[Test 11 Sanity is Running]]>
  </system-out>
  <testcase classname="_TestNG3_GroupingFailedxml.HomeClass3" name="test12" time="0.001"/>
  <system-out>
    <![CDATA[Test 12 Sanity is Running]]>
  </system-out>
</testsuite> <!-- _TestNG3_GroupingFailedxml.HomeClass3 -->
