<?xml version="1.0" encoding="UTF-8"?>
<!-- Generated by org.testng.reporters.JUnitReportReporter -->
<testsuite hostname="LAPTOP-P0T0HMV6" failures="0" tests="4" name="_TestNG1.Keyword3_enable" time="0.007" errors="0" timestamp="2022-06-12T21:57:46 IST" skipped="1">
  <testcase classname="_TestNG1.Keyword3_enable" name="D" time="0.000"/>
  <system-out>
    <![CDATA[Method D is Running]]>
  </system-out>
  <testcase classname="_TestNG1.Keyword3_enable" name="C" time="0.001"/>
  <system-out>
    <![CDATA[Method C is Running]]>
  </system-out>
  <testcase classname="_TestNG1.Keyword3_enable" name="A" time="0.006"/>
  <system-out>
    <![CDATA[Method A is Running]]>
  </system-out>
  <testcase classname="_TestNG1.Keyword3_enable" name="B">
    <skipped/>
  </testcase> <!-- B -->
  <system-out/>
</testsuite> <!-- _TestNG1.Keyword3_enable -->
