<?xml version="1.0" encoding="UTF-8"?>
<!-- Generated by org.testng.reporters.JUnitReportReporter -->
<testsuite hostname="LAPTOP-P0T0HMV6" failures="0" tests="1" name="_TestNG6_POMandTestClassusingTestNG.MockTestclassUsingTestNG" time="2.936" errors="0" timestamp="2022-06-17T15:06:04 IST" skipped="0">
  <testcase classname="_TestNG6_POMandTestClassusingTestNG.MockTestclassUsingTestNG" name="ValidateUserID" time="2.936"/>
  <system-out>
    <![CDATA[ID's are matching TC is Passed.]]>
  </system-out>
</testsuite> <!-- _TestNG6_POMandTestClassusingTestNG.MockTestclassUsingTestNG -->
