<?xml version="1.0" encoding="UTF-8"?>
<!-- Generated by org.testng.reporters.JUnitReportReporter -->
<testsuite hostname="LAPTOP-P0T0HMV6" failures="0" tests="4" name="_TestNG1.Keyword2_priority" time="0.008" errors="0" timestamp="2022-06-12T20:02:04 IST" skipped="0">
  <testcase classname="_TestNG1.Keyword2_priority" name="C" time="0.005"/>
  <system-out>
    <![CDATA[Method C is Running]]>
  </system-out>
  <testcase classname="_TestNG1.Keyword2_priority" name="D" time="0.001"/>
  <system-out>
    <![CDATA[Mehtod D is Running]]>
  </system-out>
  <testcase classname="_TestNG1.Keyword2_priority" name="A" time="0.001"/>
  <system-out>
    <![CDATA[Method A is running]]>
  </system-out>
  <testcase classname="_TestNG1.Keyword2_priority" name="B" time="0.001"/>
  <system-out>
    <![CDATA[Method B is Running]]>
  </system-out>
</testsuite> <!-- _TestNG1.Keyword2_priority -->
